19:48:35.935 [restartedMain] INFO  a.s.ServicioEstudianteApplication [] - Starting ServicioEstudianteApplication using Java 17.0.0.1 with PID 17436 (C:\laragon\www\academia_digital\servicio_estudiante\target\classes started by David in C:\laragon\www\academia_digital)
19:48:36.035 [restartedMain] DEBUG a.s.ServicioEstudianteApplication [] - Running with Spring Boot v3.5.8, Spring v6.2.14
19:48:36.051 [restartedMain] INFO  a.s.ServicioEstudianteApplication [] - The following 1 profile is active: "dev"
19:48:36.204 [restartedMain] INFO  o.s.b.d.e.DevToolsPropertyDefaultsPostProcessor [] - Devtools property defaults active! Set 'spring.devtools.add-properties' to 'false' to disable
19:48:36.205 [restartedMain] INFO  o.s.b.d.e.DevToolsPropertyDefaultsPostProcessor [] - For additional web related logging consider setting the 'logging.level.web' property to 'DEBUG'
19:48:38.965 [restartedMain] INFO  o.s.d.r.c.RepositoryConfigurationDelegate [] - Bootstrapping Spring Data JPA repositories in DEFAULT mode.
19:48:39.199 [restartedMain] INFO  o.s.d.r.c.RepositoryConfigurationDelegate [] - Finished Spring Data repository scanning in 200 ms. Found 1 JPA repository interface.
19:48:41.223 [restartedMain] INFO  o.s.b.w.e.tomcat.TomcatWebServer [] - Tomcat initialized with port 8081 (http)
19:48:41.263 [restartedMain] INFO  o.a.catalina.core.StandardService [] - Starting service [Tomcat]
19:48:41.265 [restartedMain] INFO  o.a.catalina.core.StandardEngine [] - Starting Servlet engine: [Apache Tomcat/10.1.49]
19:48:41.469 [restartedMain] INFO  o.a.c.c.C.[Tomcat].[localhost].[/] [] - Initializing Spring embedded WebApplicationContext
19:48:41.471 [restartedMain] INFO  o.s.b.w.s.c.ServletWebServerApplicationContext [] - Root WebApplicationContext: initialization completed in 5254 ms
19:48:41.607 [restartedMain] DEBUG a.s.config.LogginFilter [] - Filter 'logginFilter' configured for use
19:48:42.031 [restartedMain] INFO  o.h.jpa.internal.util.LogHelper [] - HHH000204: Processing PersistenceUnitInfo [name: default]
19:48:42.263 [restartedMain] INFO  org.hibernate.Version [] - HHH000412: Hibernate ORM core version 6.6.36.Final
19:48:42.390 [restartedMain] INFO  o.h.c.i.RegionFactoryInitiator [] - HHH000026: Second-level cache disabled
19:48:43.307 [restartedMain] INFO  o.s.o.j.p.SpringPersistenceUnitInfo [] - No LoadTimeWeaver setup: ignoring JPA class transformer
19:48:43.408 [restartedMain] INFO  com.zaxxer.hikari.HikariDataSource [] - HikariPool-1 - Starting...
19:48:44.224 [restartedMain] INFO  com.zaxxer.hikari.pool.HikariPool [] - HikariPool-1 - Added connection com.mysql.cj.jdbc.ConnectionImpl@7df75328
19:48:44.229 [restartedMain] INFO  com.zaxxer.hikari.HikariDataSource [] - HikariPool-1 - Start completed.
19:48:44.500 [restartedMain] INFO  o.hibernate.orm.connections.pooling [] - HHH10001005: Database info:
	Database JDBC URL [Connecting through datasource 'HikariDataSource (HikariPool-1)']
	Database driver: undefined/unknown
	Database version: 8.0.30
	Autocommit mode: undefined/unknown
	Isolation level: undefined/unknown
	Minimum pool size: undefined/unknown
	Maximum pool size: undefined/unknown
19:48:46.650 [restartedMain] INFO  o.h.e.t.j.p.i.JtaPlatformInitiator [] - HHH000489: No JTA platform available (set 'hibernate.transaction.jta.platform' to enable JTA platform integration)
19:48:46.835 [restartedMain] INFO  o.s.o.j.LocalContainerEntityManagerFactoryBean [] - Initialized JPA EntityManagerFactory for persistence unit 'default'
19:48:48.038 [restartedMain] WARN  o.s.b.a.o.j.JpaBaseConfiguration$JpaWebConfiguration [] - spring.jpa.open-in-view is enabled by default. Therefore, database queries may be performed during view rendering. Explicitly configure spring.jpa.open-in-view to disable this warning
19:48:49.352 [restartedMain] WARN  o.s.b.d.a.OptionalLiveReloadServer [] - Unable to start LiveReload server
19:48:49.446 [restartedMain] INFO  o.s.b.w.e.tomcat.TomcatWebServer [] - Tomcat started on port 8081 (http) with context path '/'
19:48:49.472 [restartedMain] INFO  a.s.ServicioEstudianteApplication [] - Started ServicioEstudianteApplication in 16.404 seconds (process running for 18.061)
19:52:40.439 [restartedMain] INFO  a.s.ServicioCursoApplication [] - Starting ServicioCursoApplication using Java 17.0.0.1 with PID 8896 (C:\laragon\www\academia_digital\servicio_curso\target\classes started by David in C:\laragon\www\academia_digital)
19:52:40.475 [restartedMain] DEBUG a.s.ServicioCursoApplication [] - Running with Spring Boot v3.5.8, Spring v6.2.14
19:52:40.482 [restartedMain] INFO  a.s.ServicioCursoApplication [] - The following 1 profile is active: "dev"
19:52:40.643 [restartedMain] INFO  o.s.b.d.e.DevToolsPropertyDefaultsPostProcessor [] - Devtools property defaults active! Set 'spring.devtools.add-properties' to 'false' to disable
19:52:40.644 [restartedMain] INFO  o.s.b.d.e.DevToolsPropertyDefaultsPostProcessor [] - For additional web related logging consider setting the 'logging.level.web' property to 'DEBUG'
19:52:43.453 [restartedMain] INFO  o.s.d.r.c.RepositoryConfigurationDelegate [] - Bootstrapping Spring Data JPA repositories in DEFAULT mode.
19:52:43.719 [restartedMain] INFO  o.s.d.r.c.RepositoryConfigurationDelegate [] - Finished Spring Data repository scanning in 238 ms. Found 2 JPA repository interfaces.
19:52:44.460 [restartedMain] INFO  o.s.cloud.context.scope.GenericScope [] - BeanFactory id=6026ed47-2c5c-3f71-b60c-8ad2f9f11fde
19:52:46.125 [restartedMain] INFO  o.s.b.w.e.tomcat.TomcatWebServer [] - Tomcat initialized with port 8082 (http)
19:52:46.170 [restartedMain] INFO  o.a.catalina.core.StandardService [] - Starting service [Tomcat]
19:52:46.172 [restartedMain] INFO  o.a.catalina.core.StandardEngine [] - Starting Servlet engine: [Apache Tomcat/10.1.49]
19:52:46.410 [restartedMain] INFO  o.a.c.c.C.[Tomcat].[localhost].[/] [] - Initializing Spring embedded WebApplicationContext
19:52:46.412 [restartedMain] INFO  o.s.b.w.s.c.ServletWebServerApplicationContext [] - Root WebApplicationContext: initialization completed in 5766 ms
19:52:46.561 [restartedMain] DEBUG a.servicio_curso.config.LogginFilter [] - Filter 'logginFilter' configured for use
19:52:46.974 [restartedMain] INFO  o.h.jpa.internal.util.LogHelper [] - HHH000204: Processing PersistenceUnitInfo [name: default]
19:52:47.177 [restartedMain] INFO  org.hibernate.Version [] - HHH000412: Hibernate ORM core version 6.6.36.Final
19:52:47.362 [restartedMain] INFO  o.h.c.i.RegionFactoryInitiator [] - HHH000026: Second-level cache disabled
19:52:48.453 [restartedMain] INFO  o.s.o.j.p.SpringPersistenceUnitInfo [] - No LoadTimeWeaver setup: ignoring JPA class transformer
19:52:48.537 [restartedMain] INFO  com.zaxxer.hikari.HikariDataSource [] - HikariPool-1 - Starting...
19:52:49.462 [restartedMain] INFO  com.zaxxer.hikari.pool.HikariPool [] - HikariPool-1 - Added connection com.mysql.cj.jdbc.ConnectionImpl@7eac2d25
19:52:49.470 [restartedMain] INFO  com.zaxxer.hikari.HikariDataSource [] - HikariPool-1 - Start completed.
19:52:49.824 [restartedMain] INFO  o.hibernate.orm.connections.pooling [] - HHH10001005: Database info:
	Database JDBC URL [Connecting through datasource 'HikariDataSource (HikariPool-1)']
	Database driver: undefined/unknown
	Database version: 8.0.30
	Autocommit mode: undefined/unknown
	Isolation level: undefined/unknown
	Minimum pool size: undefined/unknown
	Maximum pool size: undefined/unknown
19:52:52.546 [restartedMain] INFO  o.h.e.t.j.p.i.JtaPlatformInitiator [] - HHH000489: No JTA platform available (set 'hibernate.transaction.jta.platform' to enable JTA platform integration)
19:52:52.716 [restartedMain] INFO  o.s.o.j.LocalContainerEntityManagerFactoryBean [] - Initialized JPA EntityManagerFactory for persistence unit 'default'
19:52:54.996 [restartedMain] WARN  o.s.b.a.o.j.JpaBaseConfiguration$JpaWebConfiguration [] - spring.jpa.open-in-view is enabled by default. Therefore, database queries may be performed during view rendering. Explicitly configure spring.jpa.open-in-view to disable this warning
19:52:55.102 [restartedMain] WARN  o.s.b.d.a.OptionalLiveReloadServer [] - Unable to start LiveReload server
19:52:58.276 [restartedMain] INFO  o.s.b.w.e.tomcat.TomcatWebServer [] - Tomcat started on port 8082 (http) with context path '/'
19:52:58.819 [restartedMain] INFO  a.s.ServicioCursoApplication [] - Started ServicioCursoApplication in 21.036 seconds (process running for 23.453)
19:53:08.419 [http-nio-8082-exec-1] INFO  o.a.c.c.C.[Tomcat].[localhost].[/] [] - Initializing Spring DispatcherServlet 'dispatcherServlet'
19:53:08.421 [http-nio-8082-exec-1] INFO  o.s.web.servlet.DispatcherServlet [] - Initializing Servlet 'dispatcherServlet'
19:53:08.424 [http-nio-8082-exec-1] INFO  o.s.web.servlet.DispatcherServlet [] - Completed initialization in 3 ms
19:53:08.612 [http-nio-8082-exec-1] INFO  a.s.service.impl.CourseServiceImpl [de6f78c3-a45b-44c2-b24f-74e6d2a7d415] - Realizando busqueda de curso por id: 1
19:53:09.311 [http-nio-8082-exec-1] WARN  o.s.w.s.m.m.a.ExceptionHandlerExceptionResolver [de6f78c3-a45b-44c2-b24f-74e6d2a7d415] - Resolved [academiadigital.servicio_curso.exception.CourseIdNotFoundException: El ID no esta registrado en el sistema]
19:54:39.806 [http-nio-8081-exec-1] INFO  o.a.c.c.C.[Tomcat].[localhost].[/] [] - Initializing Spring DispatcherServlet 'dispatcherServlet'
19:54:39.811 [http-nio-8081-exec-1] INFO  o.s.web.servlet.DispatcherServlet [] - Initializing Servlet 'dispatcherServlet'
19:54:39.822 [http-nio-8081-exec-1] INFO  o.s.web.servlet.DispatcherServlet [] - Completed initialization in 10 ms
19:54:41.775 [http-nio-8081-exec-3] INFO  o.s.api.AbstractOpenApiResource [2d8e1fd0-3175-49a7-a8f2-a0ff8d34bdd9] - Init duration for springdoc-openapi is: 1353 ms
19:54:47.658 [http-nio-8082-exec-5] INFO  o.s.api.AbstractOpenApiResource [ee82c79e-79e1-4581-83fa-a6b148ddedf1] - Init duration for springdoc-openapi is: 1073 ms
19:54:54.295 [http-nio-8081-exec-4] INFO  a.s.service.impl.StudentServiceImpl [43e93c41-563e-4485-8a11-b5bd3f7fdf7a] - Realizando busqueda de todos los estudiantes registrados
19:55:07.492 [http-nio-8082-exec-7] INFO  a.s.service.impl.CourseServiceImpl [d3ee9686-1b72-4ddc-bc82-d5b00dfa64f1] - Realizando busqueda de todos los cursos registrados
19:55:58.877 [http-nio-8082-exec-8] INFO  a.s.service.impl.CourseServiceImpl [d1f0d500-471d-46b8-95b9-85c97ef9bec8] - Iniciando la creacion del curso titulado: Curso de Java - Spring Boot
19:55:59.060 [http-nio-8082-exec-8] INFO  a.s.service.impl.CourseServiceImpl [d1f0d500-471d-46b8-95b9-85c97ef9bec8] - Curso titulado: Curso de Java - Spring Boot creado satisfactoriamente
19:56:07.839 [http-nio-8082-exec-10] INFO  a.s.service.impl.CourseServiceImpl [98d733c1-2ae6-4258-84e7-6e9db83ad95b] - Realizando busqueda de curso por id: 2
19:56:07.856 [http-nio-8082-exec-10] INFO  a.s.service.impl.CourseServiceImpl [98d733c1-2ae6-4258-84e7-6e9db83ad95b] - Curso con id: 2 encontrado
19:56:07.934 [http-nio-8081-exec-6] INFO  a.s.service.impl.StudentServiceImpl [c1882daa-7f04-4a37-8b52-cbcbb094d298] - Realizando busqueda de estudiante por id: 3
19:56:07.977 [http-nio-8081-exec-6] INFO  a.s.service.impl.StudentServiceImpl [c1882daa-7f04-4a37-8b52-cbcbb094d298] - Estudiante con id: 3 encontrado
19:57:46.705 [http-nio-8082-exec-2] INFO  a.s.service.impl.CourseServiceImpl [c25e6c63-4b06-44e4-a368-d6bc540f6714] - Iniciando la Actualizacion del curso con id: 2
19:57:46.729 [http-nio-8082-exec-2] INFO  a.s.service.impl.CourseServiceImpl [c25e6c63-4b06-44e4-a368-d6bc540f6714] - Ccurso con id: 2 actualizado satisfactoriamente
19:59:03.507 [http-nio-8082-exec-6] INFO  a.s.service.impl.CourseServiceImpl [c0b05a0d-c940-4dda-a08c-ba664fdf5b8f] - Realizando busqueda de curso por id: 2
19:59:03.515 [http-nio-8082-exec-6] INFO  a.s.service.impl.CourseServiceImpl [c0b05a0d-c940-4dda-a08c-ba664fdf5b8f] - Curso con id: 2 encontrado
19:59:03.538 [http-nio-8081-exec-8] INFO  a.s.service.impl.StudentServiceImpl [39de2851-7fa2-43c0-a862-e9372b7bcfe9] - Realizando busqueda de estudiante por id: 3
19:59:03.546 [http-nio-8081-exec-8] INFO  a.s.service.impl.StudentServiceImpl [39de2851-7fa2-43c0-a862-e9372b7bcfe9] - Estudiante con id: 3 encontrado
20:02:07.037 [restartedMain] INFO  a.s.ServicioProgresoApplication [] - Starting ServicioProgresoApplication using Java 17.0.0.1 with PID 8400 (C:\laragon\www\academia_digital\servicio_progreso\target\classes started by David in C:\laragon\www\academia_digital)
20:02:07.085 [restartedMain] DEBUG a.s.ServicioProgresoApplication [] - Running with Spring Boot v3.5.8, Spring v6.2.14
20:02:07.091 [restartedMain] INFO  a.s.ServicioProgresoApplication [] - The following 1 profile is active: "dev"
20:02:07.265 [restartedMain] INFO  o.s.b.d.e.DevToolsPropertyDefaultsPostProcessor [] - Devtools property defaults active! Set 'spring.devtools.add-properties' to 'false' to disable
20:02:07.267 [restartedMain] INFO  o.s.b.d.e.DevToolsPropertyDefaultsPostProcessor [] - For additional web related logging consider setting the 'logging.level.web' property to 'DEBUG'
20:02:10.247 [restartedMain] INFO  o.s.d.r.c.RepositoryConfigurationDelegate [] - Bootstrapping Spring Data JPA repositories in DEFAULT mode.
20:02:10.441 [restartedMain] INFO  o.s.d.r.c.RepositoryConfigurationDelegate [] - Finished Spring Data repository scanning in 162 ms. Found 1 JPA repository interface.
20:02:11.136 [restartedMain] INFO  o.s.cloud.context.scope.GenericScope [] - BeanFactory id=eba8aabd-83e8-3ade-8b35-17feca53e098
20:02:13.088 [restartedMain] INFO  o.s.b.w.e.tomcat.TomcatWebServer [] - Tomcat initialized with port 8083 (http)
20:02:13.127 [restartedMain] INFO  o.a.catalina.core.StandardService [] - Starting service [Tomcat]
20:02:13.128 [restartedMain] INFO  o.a.catalina.core.StandardEngine [] - Starting Servlet engine: [Apache Tomcat/10.1.49]
20:02:13.398 [restartedMain] INFO  o.a.c.c.C.[Tomcat].[localhost].[/] [] - Initializing Spring embedded WebApplicationContext
20:02:13.400 [restartedMain] INFO  o.s.b.w.s.c.ServletWebServerApplicationContext [] - Root WebApplicationContext: initialization completed in 6130 ms
20:02:13.582 [restartedMain] DEBUG a.s.config.LogginFilter [] - Filter 'logginFilter' configured for use
20:02:14.209 [restartedMain] INFO  o.h.jpa.internal.util.LogHelper [] - HHH000204: Processing PersistenceUnitInfo [name: default]
20:02:14.495 [restartedMain] INFO  org.hibernate.Version [] - HHH000412: Hibernate ORM core version 6.6.36.Final
20:02:14.640 [restartedMain] INFO  o.h.c.i.RegionFactoryInitiator [] - HHH000026: Second-level cache disabled
20:02:15.601 [restartedMain] INFO  o.s.o.j.p.SpringPersistenceUnitInfo [] - No LoadTimeWeaver setup: ignoring JPA class transformer
20:02:15.711 [restartedMain] INFO  com.zaxxer.hikari.HikariDataSource [] - HikariPool-1 - Starting...
20:02:16.571 [restartedMain] INFO  com.zaxxer.hikari.pool.HikariPool [] - HikariPool-1 - Added connection com.mysql.cj.jdbc.ConnectionImpl@792e741e
20:02:16.577 [restartedMain] INFO  com.zaxxer.hikari.HikariDataSource [] - HikariPool-1 - Start completed.
20:02:16.897 [restartedMain] INFO  o.hibernate.orm.connections.pooling [] - HHH10001005: Database info:
	Database JDBC URL [Connecting through datasource 'HikariDataSource (HikariPool-1)']
	Database driver: undefined/unknown
	Database version: 8.0.30
	Autocommit mode: undefined/unknown
	Isolation level: undefined/unknown
	Minimum pool size: undefined/unknown
	Maximum pool size: undefined/unknown
20:02:19.742 [restartedMain] INFO  o.h.e.t.j.p.i.JtaPlatformInitiator [] - HHH000489: No JTA platform available (set 'hibernate.transaction.jta.platform' to enable JTA platform integration)
20:02:19.857 [restartedMain] INFO  o.s.o.j.LocalContainerEntityManagerFactoryBean [] - Initialized JPA EntityManagerFactory for persistence unit 'default'
20:02:22.249 [restartedMain] WARN  o.s.b.a.o.j.JpaBaseConfiguration$JpaWebConfiguration [] - spring.jpa.open-in-view is enabled by default. Therefore, database queries may be performed during view rendering. Explicitly configure spring.jpa.open-in-view to disable this warning
20:02:22.379 [restartedMain] INFO  o.s.b.d.a.OptionalLiveReloadServer [] - LiveReload server is running on port 35729
20:02:25.041 [restartedMain] INFO  o.s.b.w.e.tomcat.TomcatWebServer [] - Tomcat started on port 8083 (http) with context path '/'
20:02:25.282 [restartedMain] INFO  a.s.ServicioProgresoApplication [] - Started ServicioProgresoApplication in 20.959 seconds (process running for 23.095)
20:02:46.988 [http-nio-8083-exec-1] INFO  o.a.c.c.C.[Tomcat].[localhost].[/] [] - Initializing Spring DispatcherServlet 'dispatcherServlet'
20:02:46.990 [http-nio-8083-exec-1] INFO  o.s.web.servlet.DispatcherServlet [] - Initializing Servlet 'dispatcherServlet'
20:02:46.998 [http-nio-8083-exec-1] INFO  o.s.web.servlet.DispatcherServlet [] - Completed initialization in 6 ms
20:02:47.498 [http-nio-8083-exec-1] INFO  a.s.service.impl.ProgressServiceImpl [1cc4f701-1352-4b35-a94d-ce2acdbf18f3] - Verificando existencia de curso con ID: 2
20:02:47.551 [http-nio-8082-exec-7] INFO  a.s.service.impl.CourseServiceImpl [0d9edca5-96a4-4ae2-9856-81d9c73c9fba] - Realizando busqueda de curso por id: 2
20:02:47.560 [http-nio-8082-exec-7] INFO  a.s.service.impl.CourseServiceImpl [0d9edca5-96a4-4ae2-9856-81d9c73c9fba] - Curso con id: 2 encontrado
20:02:47.603 [http-nio-8083-exec-1] INFO  a.s.service.impl.ProgressServiceImpl [1cc4f701-1352-4b35-a94d-ce2acdbf18f3] - Curso con ID: 2 encontrado
20:02:47.604 [http-nio-8083-exec-1] INFO  a.s.service.impl.ProgressServiceImpl [1cc4f701-1352-4b35-a94d-ce2acdbf18f3] - Verificando existencia de estudiante con ID: 3
20:02:47.619 [http-nio-8081-exec-10] INFO  a.s.service.impl.StudentServiceImpl [b517411a-ef25-4109-bc6f-01f1038403bd] - Realizando busqueda de estudiante por id: 3
20:02:47.627 [http-nio-8081-exec-10] INFO  a.s.service.impl.StudentServiceImpl [b517411a-ef25-4109-bc6f-01f1038403bd] - Estudiante con id: 3 encontrado
20:02:47.661 [http-nio-8083-exec-1] INFO  a.s.service.impl.ProgressServiceImpl [1cc4f701-1352-4b35-a94d-ce2acdbf18f3] - Estudiante con ID: 3 encontrado
20:03:42.202 [SpringApplicationShutdownHook] INFO  o.s.b.w.e.tomcat.GracefulShutdown [] - Commencing graceful shutdown. Waiting for active requests to complete
20:03:42.392 [tomcat-shutdown] INFO  o.s.b.w.e.tomcat.GracefulShutdown [] - Graceful shutdown complete
20:03:42.407 [SpringApplicationShutdownHook] INFO  o.s.o.j.LocalContainerEntityManagerFactoryBean [] - Closing JPA EntityManagerFactory for persistence unit 'default'
20:03:42.422 [SpringApplicationShutdownHook] INFO  com.zaxxer.hikari.HikariDataSource [] - HikariPool-1 - Shutdown initiated...
20:03:42.484 [SpringApplicationShutdownHook] INFO  com.zaxxer.hikari.HikariDataSource [] - HikariPool-1 - Shutdown completed.
20:44:44.764 [restartedMain] INFO  a.s.ServicioProgresoApplication [] - Starting ServicioProgresoApplication using Java 17.0.0.1 with PID 15504 (C:\laragon\www\academia_digital\servicio_progreso\target\classes started by David in C:\laragon\www\academia_digital)
20:44:44.799 [restartedMain] DEBUG a.s.ServicioProgresoApplication [] - Running with Spring Boot v3.5.8, Spring v6.2.14
20:44:44.801 [restartedMain] INFO  a.s.ServicioProgresoApplication [] - The following 1 profile is active: "dev"
20:44:44.976 [restartedMain] INFO  o.s.b.d.e.DevToolsPropertyDefaultsPostProcessor [] - Devtools property defaults active! Set 'spring.devtools.add-properties' to 'false' to disable
20:44:44.977 [restartedMain] INFO  o.s.b.d.e.DevToolsPropertyDefaultsPostProcessor [] - For additional web related logging consider setting the 'logging.level.web' property to 'DEBUG'
20:44:48.218 [restartedMain] INFO  o.s.d.r.c.RepositoryConfigurationDelegate [] - Bootstrapping Spring Data JPA repositories in DEFAULT mode.
20:44:48.486 [restartedMain] INFO  o.s.d.r.c.RepositoryConfigurationDelegate [] - Finished Spring Data repository scanning in 238 ms. Found 1 JPA repository interface.
20:44:49.819 [restartedMain] INFO  o.s.cloud.context.scope.GenericScope [] - BeanFactory id=eba8aabd-83e8-3ade-8b35-17feca53e098
20:44:52.384 [restartedMain] INFO  o.s.b.w.e.tomcat.TomcatWebServer [] - Tomcat initialized with port 8083 (http)
20:44:52.432 [restartedMain] INFO  o.a.catalina.core.StandardService [] - Starting service [Tomcat]
20:44:52.433 [restartedMain] INFO  o.a.catalina.core.StandardEngine [] - Starting Servlet engine: [Apache Tomcat/10.1.49]
20:44:52.639 [restartedMain] INFO  o.a.c.c.C.[Tomcat].[localhost].[/] [] - Initializing Spring embedded WebApplicationContext
20:44:52.641 [restartedMain] INFO  o.s.b.w.s.c.ServletWebServerApplicationContext [] - Root WebApplicationContext: initialization completed in 7661 ms
20:44:52.820 [restartedMain] DEBUG a.s.config.LogginFilter [] - Filter 'logginFilter' configured for use
20:44:53.338 [restartedMain] INFO  o.h.jpa.internal.util.LogHelper [] - HHH000204: Processing PersistenceUnitInfo [name: default]
20:44:53.627 [restartedMain] INFO  org.hibernate.Version [] - HHH000412: Hibernate ORM core version 6.6.36.Final
20:44:53.788 [restartedMain] INFO  o.h.c.i.RegionFactoryInitiator [] - HHH000026: Second-level cache disabled
20:44:54.919 [restartedMain] INFO  o.s.o.j.p.SpringPersistenceUnitInfo [] - No LoadTimeWeaver setup: ignoring JPA class transformer
20:44:55.026 [restartedMain] INFO  com.zaxxer.hikari.HikariDataSource [] - HikariPool-1 - Starting...
20:44:56.335 [restartedMain] INFO  com.zaxxer.hikari.pool.HikariPool [] - HikariPool-1 - Added connection com.mysql.cj.jdbc.ConnectionImpl@616898c9
20:44:56.340 [restartedMain] INFO  com.zaxxer.hikari.HikariDataSource [] - HikariPool-1 - Start completed.
20:44:56.610 [restartedMain] INFO  o.hibernate.orm.connections.pooling [] - HHH10001005: Database info:
	Database JDBC URL [Connecting through datasource 'HikariDataSource (HikariPool-1)']
	Database driver: undefined/unknown
	Database version: 8.0.30
	Autocommit mode: undefined/unknown
	Isolation level: undefined/unknown
	Minimum pool size: undefined/unknown
	Maximum pool size: undefined/unknown
20:44:59.239 [restartedMain] INFO  o.h.e.t.j.p.i.JtaPlatformInitiator [] - HHH000489: No JTA platform available (set 'hibernate.transaction.jta.platform' to enable JTA platform integration)
20:44:59.469 [restartedMain] INFO  o.s.o.j.LocalContainerEntityManagerFactoryBean [] - Initialized JPA EntityManagerFactory for persistence unit 'default'
20:45:01.460 [restartedMain] WARN  o.s.b.a.o.j.JpaBaseConfiguration$JpaWebConfiguration [] - spring.jpa.open-in-view is enabled by default. Therefore, database queries may be performed during view rendering. Explicitly configure spring.jpa.open-in-view to disable this warning
20:45:01.533 [restartedMain] INFO  o.s.b.d.a.OptionalLiveReloadServer [] - LiveReload server is running on port 35729
20:45:04.045 [restartedMain] INFO  o.s.b.w.e.tomcat.TomcatWebServer [] - Tomcat started on port 8083 (http) with context path '/'
20:45:04.309 [restartedMain] INFO  a.s.ServicioProgresoApplication [] - Started ServicioProgresoApplication in 22.711 seconds (process running for 25.047)
20:46:43.400 [http-nio-8083-exec-1] INFO  o.a.c.c.C.[Tomcat].[localhost].[/] [] - Initializing Spring DispatcherServlet 'dispatcherServlet'
20:46:43.402 [http-nio-8083-exec-1] INFO  o.s.web.servlet.DispatcherServlet [] - Initializing Servlet 'dispatcherServlet'
20:46:43.405 [http-nio-8083-exec-1] INFO  o.s.web.servlet.DispatcherServlet [] - Completed initialization in 2 ms
20:46:45.160 [http-nio-8083-exec-5] INFO  o.s.api.AbstractOpenApiResource [c3a66956-440c-497e-b1ba-62816af8d017] - Init duration for springdoc-openapi is: 1068 ms
21:08:34.417 [HikariPool-1:housekeeper] WARN  com.zaxxer.hikari.pool.HikariPool [] - HikariPool-1 - Thread starvation or clock leap detected (housekeeper delta=5m18s849ms824µs900ns).
21:08:36.201 [HikariPool-1:housekeeper] WARN  com.zaxxer.hikari.pool.HikariPool [] - HikariPool-1 - Thread starvation or clock leap detected (housekeeper delta=5m9s456ms156µs500ns).
21:08:41.120 [HikariPool-1:housekeeper] WARN  com.zaxxer.hikari.pool.HikariPool [] - HikariPool-1 - Thread starvation or clock leap detected (housekeeper delta=5m20s50ms754µs).
21:18:25.111 [SpringApplicationShutdownHook] INFO  o.s.b.w.e.tomcat.GracefulShutdown [] - Commencing graceful shutdown. Waiting for active requests to complete
21:18:25.133 [SpringApplicationShutdownHook] INFO  o.s.b.w.e.tomcat.GracefulShutdown [] - Commencing graceful shutdown. Waiting for active requests to complete
21:18:25.136 [SpringApplicationShutdownHook] INFO  o.s.b.w.e.tomcat.GracefulShutdown [] - Commencing graceful shutdown. Waiting for active requests to complete
21:18:25.308 [tomcat-shutdown] INFO  o.s.b.w.e.tomcat.GracefulShutdown [] - Graceful shutdown complete
21:18:25.315 [tomcat-shutdown] INFO  o.s.b.w.e.tomcat.GracefulShutdown [] - Graceful shutdown complete
21:18:25.330 [tomcat-shutdown] INFO  o.s.b.w.e.tomcat.GracefulShutdown [] - Graceful shutdown complete
21:18:25.335 [SpringApplicationShutdownHook] INFO  o.s.o.j.LocalContainerEntityManagerFactoryBean [] - Closing JPA EntityManagerFactory for persistence unit 'default'
21:18:25.354 [SpringApplicationShutdownHook] INFO  o.s.o.j.LocalContainerEntityManagerFactoryBean [] - Closing JPA EntityManagerFactory for persistence unit 'default'
21:18:25.373 [SpringApplicationShutdownHook] INFO  o.s.o.j.LocalContainerEntityManagerFactoryBean [] - Closing JPA EntityManagerFactory for persistence unit 'default'
21:18:25.378 [SpringApplicationShutdownHook] INFO  com.zaxxer.hikari.HikariDataSource [] - HikariPool-1 - Shutdown initiated...
21:18:25.401 [SpringApplicationShutdownHook] INFO  com.zaxxer.hikari.HikariDataSource [] - HikariPool-1 - Shutdown completed.
21:18:25.407 [SpringApplicationShutdownHook] INFO  com.zaxxer.hikari.HikariDataSource [] - HikariPool-1 - Shutdown initiated...
21:18:25.429 [SpringApplicationShutdownHook] INFO  com.zaxxer.hikari.HikariDataSource [] - HikariPool-1 - Shutdown initiated...
21:18:25.434 [SpringApplicationShutdownHook] INFO  com.zaxxer.hikari.HikariDataSource [] - HikariPool-1 - Shutdown completed.
21:18:25.489 [SpringApplicationShutdownHook] INFO  com.zaxxer.hikari.HikariDataSource [] - HikariPool-1 - Shutdown completed.
23:23:15.974 [restartedMain] INFO  a.s.ServicioProgresoApplication [] - Starting ServicioProgresoApplication using Java 17.0.0.1 with PID 18804 (C:\laragon\www\academia_digital\servicio_progreso\target\classes started by David in C:\laragon\www\academia_digital)
23:23:16.020 [restartedMain] DEBUG a.s.ServicioProgresoApplication [] - Running with Spring Boot v3.5.8, Spring v6.2.14
23:23:16.024 [restartedMain] INFO  a.s.ServicioProgresoApplication [] - The following 1 profile is active: "dev"
23:23:16.202 [restartedMain] INFO  o.s.b.d.e.DevToolsPropertyDefaultsPostProcessor [] - Devtools property defaults active! Set 'spring.devtools.add-properties' to 'false' to disable
23:23:16.203 [restartedMain] INFO  o.s.b.d.e.DevToolsPropertyDefaultsPostProcessor [] - For additional web related logging consider setting the 'logging.level.web' property to 'DEBUG'
23:23:19.372 [restartedMain] INFO  o.s.d.r.c.RepositoryConfigurationDelegate [] - Bootstrapping Spring Data JPA repositories in DEFAULT mode.
23:23:19.554 [restartedMain] INFO  o.s.d.r.c.RepositoryConfigurationDelegate [] - Finished Spring Data repository scanning in 142 ms. Found 1 JPA repository interface.
23:23:20.259 [restartedMain] INFO  o.s.cloud.context.scope.GenericScope [] - BeanFactory id=f886516f-d251-3c05-a8a8-a6c02a812722
23:23:22.040 [restartedMain] INFO  o.s.b.w.e.tomcat.TomcatWebServer [] - Tomcat initialized with port 8083 (http)
23:23:22.091 [restartedMain] INFO  o.a.catalina.core.StandardService [] - Starting service [Tomcat]
23:23:22.092 [restartedMain] INFO  o.a.catalina.core.StandardEngine [] - Starting Servlet engine: [Apache Tomcat/10.1.49]
23:23:22.334 [restartedMain] INFO  o.a.c.c.C.[Tomcat].[localhost].[/] [] - Initializing Spring embedded WebApplicationContext
23:23:22.335 [restartedMain] INFO  o.s.b.w.s.c.ServletWebServerApplicationContext [] - Root WebApplicationContext: initialization completed in 6129 ms
23:23:22.483 [restartedMain] DEBUG a.s.config.LogginFilter [] - Filter 'logginFilter' configured for use
23:23:22.932 [restartedMain] INFO  o.h.jpa.internal.util.LogHelper [] - HHH000204: Processing PersistenceUnitInfo [name: default]
23:23:23.187 [restartedMain] INFO  org.hibernate.Version [] - HHH000412: Hibernate ORM core version 6.6.36.Final
23:23:23.388 [restartedMain] INFO  o.h.c.i.RegionFactoryInitiator [] - HHH000026: Second-level cache disabled
23:23:24.396 [restartedMain] INFO  o.s.o.j.p.SpringPersistenceUnitInfo [] - No LoadTimeWeaver setup: ignoring JPA class transformer
23:23:24.510 [restartedMain] INFO  com.zaxxer.hikari.HikariDataSource [] - HikariPool-1 - Starting...
23:23:25.448 [restartedMain] INFO  com.zaxxer.hikari.pool.HikariPool [] - HikariPool-1 - Added connection com.mysql.cj.jdbc.ConnectionImpl@3359a767
23:23:25.455 [restartedMain] INFO  com.zaxxer.hikari.HikariDataSource [] - HikariPool-1 - Start completed.
23:23:25.779 [restartedMain] INFO  o.hibernate.orm.connections.pooling [] - HHH10001005: Database info:
	Database JDBC URL [Connecting through datasource 'HikariDataSource (HikariPool-1)']
	Database driver: undefined/unknown
	Database version: 8.0.30
	Autocommit mode: undefined/unknown
	Isolation level: undefined/unknown
	Minimum pool size: undefined/unknown
	Maximum pool size: undefined/unknown
23:23:28.220 [restartedMain] INFO  o.h.e.t.j.p.i.JtaPlatformInitiator [] - HHH000489: No JTA platform available (set 'hibernate.transaction.jta.platform' to enable JTA platform integration)
23:23:28.449 [restartedMain] INFO  o.s.o.j.LocalContainerEntityManagerFactoryBean [] - Initialized JPA EntityManagerFactory for persistence unit 'default'
23:23:29.407 [restartedMain] WARN  o.s.b.w.s.c.AnnotationConfigServletWebServerApplicationContext [] - Exception encountered during context initialization - cancelling refresh attempt: org.springframework.beans.factory.UnsatisfiedDependencyException: Error creating bean with name 'progressController' defined in file [C:\laragon\www\academia_digital\servicio_progreso\target\classes\academiadigital\servicio_progreso\controller\ProgressController.class]: Unsatisfied dependency expressed through constructor parameter 1: No qualifying bean of type 'academiadigital.servicio_progreso.dto.ProgressEventDto' available: expected at least 1 bean which qualifies as autowire candidate. Dependency annotations: {}
23:23:29.408 [restartedMain] INFO  o.s.o.j.LocalContainerEntityManagerFactoryBean [] - Closing JPA EntityManagerFactory for persistence unit 'default'
23:23:29.421 [restartedMain] INFO  com.zaxxer.hikari.HikariDataSource [] - HikariPool-1 - Shutdown initiated...
23:23:29.446 [restartedMain] INFO  com.zaxxer.hikari.HikariDataSource [] - HikariPool-1 - Shutdown completed.
23:23:29.454 [restartedMain] INFO  o.a.catalina.core.StandardService [] - Stopping service [Tomcat]
23:23:29.490 [restartedMain] INFO  o.s.b.a.l.ConditionEvaluationReportLogger [] - 

Error starting ApplicationContext. To display the condition evaluation report re-run your application with 'debug' enabled.
23:23:29.557 [restartedMain] ERROR o.s.b.d.LoggingFailureAnalysisReporter [] - 

***************************
APPLICATION FAILED TO START
***************************

Description:

Parameter 1 of constructor in academiadigital.servicio_progreso.controller.ProgressController required a bean of type 'academiadigital.servicio_progreso.dto.ProgressEventDto' that could not be found.


Action:

Consider defining a bean of type 'academiadigital.servicio_progreso.dto.ProgressEventDto' in your configuration.

23:27:58.480 [restartedMain] INFO  a.s.ServicioProgresoApplication [] - Starting ServicioProgresoApplication using Java 17.0.0.1 with PID 19364 (C:\laragon\www\academia_digital\servicio_progreso\target\classes started by David in C:\laragon\www\academia_digital)
23:27:58.526 [restartedMain] DEBUG a.s.ServicioProgresoApplication [] - Running with Spring Boot v3.5.8, Spring v6.2.14
23:27:58.530 [restartedMain] INFO  a.s.ServicioProgresoApplication [] - The following 1 profile is active: "dev"
23:27:58.718 [restartedMain] INFO  o.s.b.d.e.DevToolsPropertyDefaultsPostProcessor [] - Devtools property defaults active! Set 'spring.devtools.add-properties' to 'false' to disable
23:27:58.720 [restartedMain] INFO  o.s.b.d.e.DevToolsPropertyDefaultsPostProcessor [] - For additional web related logging consider setting the 'logging.level.web' property to 'DEBUG'
23:28:01.682 [restartedMain] INFO  o.s.d.r.c.RepositoryConfigurationDelegate [] - Bootstrapping Spring Data JPA repositories in DEFAULT mode.
23:28:01.866 [restartedMain] INFO  o.s.d.r.c.RepositoryConfigurationDelegate [] - Finished Spring Data repository scanning in 152 ms. Found 1 JPA repository interface.
23:28:02.541 [restartedMain] INFO  o.s.cloud.context.scope.GenericScope [] - BeanFactory id=f886516f-d251-3c05-a8a8-a6c02a812722
23:28:04.223 [restartedMain] INFO  o.s.b.w.e.tomcat.TomcatWebServer [] - Tomcat initialized with port 8083 (http)
23:28:04.261 [restartedMain] INFO  o.a.catalina.core.StandardService [] - Starting service [Tomcat]
23:28:04.262 [restartedMain] INFO  o.a.catalina.core.StandardEngine [] - Starting Servlet engine: [Apache Tomcat/10.1.49]
23:28:04.474 [restartedMain] INFO  o.a.c.c.C.[Tomcat].[localhost].[/] [] - Initializing Spring embedded WebApplicationContext
23:28:04.476 [restartedMain] INFO  o.s.b.w.s.c.ServletWebServerApplicationContext [] - Root WebApplicationContext: initialization completed in 5755 ms
23:28:04.622 [restartedMain] DEBUG a.s.config.LogginFilter [] - Filter 'logginFilter' configured for use
23:28:05.012 [restartedMain] INFO  o.h.jpa.internal.util.LogHelper [] - HHH000204: Processing PersistenceUnitInfo [name: default]
23:28:05.175 [restartedMain] INFO  org.hibernate.Version [] - HHH000412: Hibernate ORM core version 6.6.36.Final
23:28:05.312 [restartedMain] INFO  o.h.c.i.RegionFactoryInitiator [] - HHH000026: Second-level cache disabled
23:28:06.132 [restartedMain] INFO  o.s.o.j.p.SpringPersistenceUnitInfo [] - No LoadTimeWeaver setup: ignoring JPA class transformer
23:28:06.231 [restartedMain] INFO  com.zaxxer.hikari.HikariDataSource [] - HikariPool-1 - Starting...
23:28:06.969 [restartedMain] INFO  com.zaxxer.hikari.pool.HikariPool [] - HikariPool-1 - Added connection com.mysql.cj.jdbc.ConnectionImpl@2e962b48
23:28:06.973 [restartedMain] INFO  com.zaxxer.hikari.HikariDataSource [] - HikariPool-1 - Start completed.
23:28:07.209 [restartedMain] INFO  o.hibernate.orm.connections.pooling [] - HHH10001005: Database info:
	Database JDBC URL [Connecting through datasource 'HikariDataSource (HikariPool-1)']
	Database driver: undefined/unknown
	Database version: 8.0.30
	Autocommit mode: undefined/unknown
	Isolation level: undefined/unknown
	Minimum pool size: undefined/unknown
	Maximum pool size: undefined/unknown
23:28:09.382 [restartedMain] INFO  o.h.e.t.j.p.i.JtaPlatformInitiator [] - HHH000489: No JTA platform available (set 'hibernate.transaction.jta.platform' to enable JTA platform integration)
23:28:09.521 [restartedMain] INFO  o.s.o.j.LocalContainerEntityManagerFactoryBean [] - Initialized JPA EntityManagerFactory for persistence unit 'default'
23:28:10.385 [restartedMain] WARN  o.s.b.w.s.c.AnnotationConfigServletWebServerApplicationContext [] - Exception encountered during context initialization - cancelling refresh attempt: org.springframework.beans.factory.UnsatisfiedDependencyException: Error creating bean with name 'progressController' defined in file [C:\laragon\www\academia_digital\servicio_progreso\target\classes\academiadigital\servicio_progreso\controller\ProgressController.class]: Unsatisfied dependency expressed through constructor parameter 1: No qualifying bean of type 'academiadigital.servicio_progreso.dto.ProgressEventDto' available: expected at least 1 bean which qualifies as autowire candidate. Dependency annotations: {}
23:28:10.386 [restartedMain] INFO  o.s.o.j.LocalContainerEntityManagerFactoryBean [] - Closing JPA EntityManagerFactory for persistence unit 'default'
23:28:10.401 [restartedMain] INFO  com.zaxxer.hikari.HikariDataSource [] - HikariPool-1 - Shutdown initiated...
23:28:10.429 [restartedMain] INFO  com.zaxxer.hikari.HikariDataSource [] - HikariPool-1 - Shutdown completed.
23:28:10.438 [restartedMain] INFO  o.a.catalina.core.StandardService [] - Stopping service [Tomcat]
23:28:10.473 [restartedMain] INFO  o.s.b.a.l.ConditionEvaluationReportLogger [] - 

Error starting ApplicationContext. To display the condition evaluation report re-run your application with 'debug' enabled.
23:28:10.552 [restartedMain] ERROR o.s.b.d.LoggingFailureAnalysisReporter [] - 

***************************
APPLICATION FAILED TO START
***************************

Description:

Parameter 1 of constructor in academiadigital.servicio_progreso.controller.ProgressController required a bean of type 'academiadigital.servicio_progreso.dto.ProgressEventDto' that could not be found.


Action:

Consider defining a bean of type 'academiadigital.servicio_progreso.dto.ProgressEventDto' in your configuration.

23:33:40.961 [restartedMain] INFO  a.s.ServicioProgresoApplication [] - Starting ServicioProgresoApplication using Java 17.0.0.1 with PID 6844 (C:\laragon\www\academia_digital\servicio_progreso\target\classes started by David in C:\laragon\www\academia_digital)
23:33:40.999 [restartedMain] DEBUG a.s.ServicioProgresoApplication [] - Running with Spring Boot v3.5.8, Spring v6.2.14
23:33:41.004 [restartedMain] INFO  a.s.ServicioProgresoApplication [] - The following 1 profile is active: "dev"
23:33:41.213 [restartedMain] INFO  o.s.b.d.e.DevToolsPropertyDefaultsPostProcessor [] - Devtools property defaults active! Set 'spring.devtools.add-properties' to 'false' to disable
23:33:41.215 [restartedMain] INFO  o.s.b.d.e.DevToolsPropertyDefaultsPostProcessor [] - For additional web related logging consider setting the 'logging.level.web' property to 'DEBUG'
23:33:44.335 [restartedMain] INFO  o.s.d.r.c.RepositoryConfigurationDelegate [] - Bootstrapping Spring Data JPA repositories in DEFAULT mode.
23:33:44.571 [restartedMain] INFO  o.s.d.r.c.RepositoryConfigurationDelegate [] - Finished Spring Data repository scanning in 199 ms. Found 1 JPA repository interface.
23:33:45.288 [restartedMain] INFO  o.s.cloud.context.scope.GenericScope [] - BeanFactory id=f886516f-d251-3c05-a8a8-a6c02a812722
23:33:46.894 [restartedMain] INFO  o.s.b.w.e.tomcat.TomcatWebServer [] - Tomcat initialized with port 8083 (http)
23:33:46.938 [restartedMain] INFO  o.a.catalina.core.StandardService [] - Starting service [Tomcat]
23:33:46.940 [restartedMain] INFO  o.a.catalina.core.StandardEngine [] - Starting Servlet engine: [Apache Tomcat/10.1.49]
23:33:47.180 [restartedMain] INFO  o.a.c.c.C.[Tomcat].[localhost].[/] [] - Initializing Spring embedded WebApplicationContext
23:33:47.183 [restartedMain] INFO  o.s.b.w.s.c.ServletWebServerApplicationContext [] - Root WebApplicationContext: initialization completed in 5965 ms
23:33:47.373 [restartedMain] DEBUG a.s.config.LogginFilter [] - Filter 'logginFilter' configured for use
23:33:47.838 [restartedMain] INFO  o.h.jpa.internal.util.LogHelper [] - HHH000204: Processing PersistenceUnitInfo [name: default]
23:33:48.036 [restartedMain] INFO  org.hibernate.Version [] - HHH000412: Hibernate ORM core version 6.6.36.Final
23:33:48.168 [restartedMain] INFO  o.h.c.i.RegionFactoryInitiator [] - HHH000026: Second-level cache disabled
23:33:49.085 [restartedMain] INFO  o.s.o.j.p.SpringPersistenceUnitInfo [] - No LoadTimeWeaver setup: ignoring JPA class transformer
23:33:49.153 [restartedMain] INFO  com.zaxxer.hikari.HikariDataSource [] - HikariPool-1 - Starting...
23:33:49.835 [restartedMain] INFO  com.zaxxer.hikari.pool.HikariPool [] - HikariPool-1 - Added connection com.mysql.cj.jdbc.ConnectionImpl@44c61c2a
23:33:49.841 [restartedMain] INFO  com.zaxxer.hikari.HikariDataSource [] - HikariPool-1 - Start completed.
23:33:50.104 [restartedMain] INFO  o.hibernate.orm.connections.pooling [] - HHH10001005: Database info:
	Database JDBC URL [Connecting through datasource 'HikariDataSource (HikariPool-1)']
	Database driver: undefined/unknown
	Database version: 8.0.30
	Autocommit mode: undefined/unknown
	Isolation level: undefined/unknown
	Minimum pool size: undefined/unknown
	Maximum pool size: undefined/unknown
23:33:52.305 [restartedMain] INFO  o.h.e.t.j.p.i.JtaPlatformInitiator [] - HHH000489: No JTA platform available (set 'hibernate.transaction.jta.platform' to enable JTA platform integration)
23:33:52.424 [restartedMain] INFO  o.s.o.j.LocalContainerEntityManagerFactoryBean [] - Initialized JPA EntityManagerFactory for persistence unit 'default'
23:33:53.284 [restartedMain] WARN  o.s.b.w.s.c.AnnotationConfigServletWebServerApplicationContext [] - Exception encountered during context initialization - cancelling refresh attempt: org.springframework.beans.factory.UnsatisfiedDependencyException: Error creating bean with name 'progressController' defined in file [C:\laragon\www\academia_digital\servicio_progreso\target\classes\academiadigital\servicio_progreso\controller\ProgressController.class]: Unsatisfied dependency expressed through constructor parameter 1: No qualifying bean of type 'academiadigital.servicio_progreso.dto.ProgressEventDto' available: expected at least 1 bean which qualifies as autowire candidate. Dependency annotations: {}
23:33:53.285 [restartedMain] INFO  o.s.o.j.LocalContainerEntityManagerFactoryBean [] - Closing JPA EntityManagerFactory for persistence unit 'default'
23:33:53.301 [restartedMain] INFO  com.zaxxer.hikari.HikariDataSource [] - HikariPool-1 - Shutdown initiated...
23:33:53.331 [restartedMain] INFO  com.zaxxer.hikari.HikariDataSource [] - HikariPool-1 - Shutdown completed.
23:33:53.340 [restartedMain] INFO  o.a.catalina.core.StandardService [] - Stopping service [Tomcat]
23:33:53.382 [restartedMain] INFO  o.s.b.a.l.ConditionEvaluationReportLogger [] - 

Error starting ApplicationContext. To display the condition evaluation report re-run your application with 'debug' enabled.
23:33:53.467 [restartedMain] ERROR o.s.b.d.LoggingFailureAnalysisReporter [] - 

***************************
APPLICATION FAILED TO START
***************************

Description:

Parameter 1 of constructor in academiadigital.servicio_progreso.controller.ProgressController required a bean of type 'academiadigital.servicio_progreso.dto.ProgressEventDto' that could not be found.


Action:

Consider defining a bean of type 'academiadigital.servicio_progreso.dto.ProgressEventDto' in your configuration.

23:35:29.884 [restartedMain] INFO  a.s.ServicioProgresoApplication [] - Starting ServicioProgresoApplication using Java 17.0.0.1 with PID 20700 (C:\laragon\www\academia_digital\servicio_progreso\target\classes started by David in C:\laragon\www\academia_digital)
23:35:29.921 [restartedMain] DEBUG a.s.ServicioProgresoApplication [] - Running with Spring Boot v3.5.8, Spring v6.2.14
23:35:29.925 [restartedMain] INFO  a.s.ServicioProgresoApplication [] - The following 1 profile is active: "dev"
23:35:30.144 [restartedMain] INFO  o.s.b.d.e.DevToolsPropertyDefaultsPostProcessor [] - Devtools property defaults active! Set 'spring.devtools.add-properties' to 'false' to disable
23:35:30.145 [restartedMain] INFO  o.s.b.d.e.DevToolsPropertyDefaultsPostProcessor [] - For additional web related logging consider setting the 'logging.level.web' property to 'DEBUG'
23:35:33.262 [restartedMain] INFO  o.s.d.r.c.RepositoryConfigurationDelegate [] - Bootstrapping Spring Data JPA repositories in DEFAULT mode.
23:35:33.480 [restartedMain] INFO  o.s.d.r.c.RepositoryConfigurationDelegate [] - Finished Spring Data repository scanning in 180 ms. Found 1 JPA repository interface.
23:35:34.123 [restartedMain] INFO  o.s.cloud.context.scope.GenericScope [] - BeanFactory id=f886516f-d251-3c05-a8a8-a6c02a812722
23:35:35.978 [restartedMain] INFO  o.s.b.w.e.tomcat.TomcatWebServer [] - Tomcat initialized with port 8083 (http)
23:35:36.025 [restartedMain] INFO  o.a.catalina.core.StandardService [] - Starting service [Tomcat]
23:35:36.026 [restartedMain] INFO  o.a.catalina.core.StandardEngine [] - Starting Servlet engine: [Apache Tomcat/10.1.49]
23:35:36.266 [restartedMain] INFO  o.a.c.c.C.[Tomcat].[localhost].[/] [] - Initializing Spring embedded WebApplicationContext
23:35:36.267 [restartedMain] INFO  o.s.b.w.s.c.ServletWebServerApplicationContext [] - Root WebApplicationContext: initialization completed in 6120 ms
23:35:36.396 [restartedMain] DEBUG a.s.config.LogginFilter [] - Filter 'logginFilter' configured for use
23:35:36.803 [restartedMain] INFO  o.h.jpa.internal.util.LogHelper [] - HHH000204: Processing PersistenceUnitInfo [name: default]
23:35:36.957 [restartedMain] INFO  org.hibernate.Version [] - HHH000412: Hibernate ORM core version 6.6.36.Final
23:35:37.084 [restartedMain] INFO  o.h.c.i.RegionFactoryInitiator [] - HHH000026: Second-level cache disabled
23:35:37.964 [restartedMain] INFO  o.s.o.j.p.SpringPersistenceUnitInfo [] - No LoadTimeWeaver setup: ignoring JPA class transformer
23:35:38.065 [restartedMain] INFO  com.zaxxer.hikari.HikariDataSource [] - HikariPool-1 - Starting...
23:35:38.823 [restartedMain] INFO  com.zaxxer.hikari.pool.HikariPool [] - HikariPool-1 - Added connection com.mysql.cj.jdbc.ConnectionImpl@4ba113d0
23:35:38.827 [restartedMain] INFO  com.zaxxer.hikari.HikariDataSource [] - HikariPool-1 - Start completed.
23:35:39.108 [restartedMain] INFO  o.hibernate.orm.connections.pooling [] - HHH10001005: Database info:
	Database JDBC URL [Connecting through datasource 'HikariDataSource (HikariPool-1)']
	Database driver: undefined/unknown
	Database version: 8.0.30
	Autocommit mode: undefined/unknown
	Isolation level: undefined/unknown
	Minimum pool size: undefined/unknown
	Maximum pool size: undefined/unknown
23:35:41.623 [restartedMain] INFO  o.h.e.t.j.p.i.JtaPlatformInitiator [] - HHH000489: No JTA platform available (set 'hibernate.transaction.jta.platform' to enable JTA platform integration)
23:35:41.743 [restartedMain] INFO  o.s.o.j.LocalContainerEntityManagerFactoryBean [] - Initialized JPA EntityManagerFactory for persistence unit 'default'
23:35:43.298 [restartedMain] WARN  o.s.b.a.o.j.JpaBaseConfiguration$JpaWebConfiguration [] - spring.jpa.open-in-view is enabled by default. Therefore, database queries may be performed during view rendering. Explicitly configure spring.jpa.open-in-view to disable this warning
23:35:45.410 [restartedMain] INFO  o.s.b.d.a.OptionalLiveReloadServer [] - LiveReload server is running on port 35729
23:35:45.976 [restartedMain] INFO  o.s.b.w.e.tomcat.TomcatWebServer [] - Tomcat started on port 8083 (http) with context path '/'
23:35:46.279 [restartedMain] INFO  a.s.ServicioProgresoApplication [] - Started ServicioProgresoApplication in 19.434 seconds (process running for 21.892)
23:35:55.825 [SpringApplicationShutdownHook] INFO  o.s.b.w.e.tomcat.GracefulShutdown [] - Commencing graceful shutdown. Waiting for active requests to complete
23:35:55.986 [tomcat-shutdown] INFO  o.s.b.w.e.tomcat.GracefulShutdown [] - Graceful shutdown complete
23:35:55.995 [SpringApplicationShutdownHook] INFO  o.s.o.j.LocalContainerEntityManagerFactoryBean [] - Closing JPA EntityManagerFactory for persistence unit 'default'
23:35:56.005 [SpringApplicationShutdownHook] INFO  com.zaxxer.hikari.HikariDataSource [] - HikariPool-1 - Shutdown initiated...
23:35:56.037 [SpringApplicationShutdownHook] INFO  com.zaxxer.hikari.HikariDataSource [] - HikariPool-1 - Shutdown completed.
23:36:07.889 [restartedMain] INFO  a.s.ServicioProgresoApplication [] - Starting ServicioProgresoApplication using Java 17.0.0.1 with PID 6456 (C:\laragon\www\academia_digital\servicio_progreso\target\classes started by David in C:\laragon\www\academia_digital)
23:36:07.925 [restartedMain] DEBUG a.s.ServicioProgresoApplication [] - Running with Spring Boot v3.5.8, Spring v6.2.14
23:36:07.932 [restartedMain] INFO  a.s.ServicioProgresoApplication [] - The following 1 profile is active: "dev"
23:36:08.113 [restartedMain] INFO  o.s.b.d.e.DevToolsPropertyDefaultsPostProcessor [] - Devtools property defaults active! Set 'spring.devtools.add-properties' to 'false' to disable
23:36:08.114 [restartedMain] INFO  o.s.b.d.e.DevToolsPropertyDefaultsPostProcessor [] - For additional web related logging consider setting the 'logging.level.web' property to 'DEBUG'
23:36:11.072 [restartedMain] INFO  o.s.d.r.c.RepositoryConfigurationDelegate [] - Bootstrapping Spring Data JPA repositories in DEFAULT mode.
23:36:11.261 [restartedMain] INFO  o.s.d.r.c.RepositoryConfigurationDelegate [] - Finished Spring Data repository scanning in 158 ms. Found 1 JPA repository interface.
23:36:11.938 [restartedMain] INFO  o.s.cloud.context.scope.GenericScope [] - BeanFactory id=f886516f-d251-3c05-a8a8-a6c02a812722
23:36:13.424 [restartedMain] INFO  o.s.b.w.e.tomcat.TomcatWebServer [] - Tomcat initialized with port 8083 (http)
23:36:13.466 [restartedMain] INFO  o.a.catalina.core.StandardService [] - Starting service [Tomcat]
23:36:13.467 [restartedMain] INFO  o.a.catalina.core.StandardEngine [] - Starting Servlet engine: [Apache Tomcat/10.1.49]
23:36:13.687 [restartedMain] INFO  o.a.c.c.C.[Tomcat].[localhost].[/] [] - Initializing Spring embedded WebApplicationContext
23:36:13.689 [restartedMain] INFO  o.s.b.w.s.c.ServletWebServerApplicationContext [] - Root WebApplicationContext: initialization completed in 5573 ms
23:36:13.839 [restartedMain] DEBUG a.s.config.LogginFilter [] - Filter 'logginFilter' configured for use
23:36:14.207 [restartedMain] INFO  o.h.jpa.internal.util.LogHelper [] - HHH000204: Processing PersistenceUnitInfo [name: default]
23:36:14.366 [restartedMain] INFO  org.hibernate.Version [] - HHH000412: Hibernate ORM core version 6.6.36.Final
23:36:14.495 [restartedMain] INFO  o.h.c.i.RegionFactoryInitiator [] - HHH000026: Second-level cache disabled
23:36:15.275 [restartedMain] INFO  o.s.o.j.p.SpringPersistenceUnitInfo [] - No LoadTimeWeaver setup: ignoring JPA class transformer
23:36:15.360 [restartedMain] INFO  com.zaxxer.hikari.HikariDataSource [] - HikariPool-1 - Starting...
23:36:16.035 [restartedMain] INFO  com.zaxxer.hikari.pool.HikariPool [] - HikariPool-1 - Added connection com.mysql.cj.jdbc.ConnectionImpl@718390da
23:36:16.041 [restartedMain] INFO  com.zaxxer.hikari.HikariDataSource [] - HikariPool-1 - Start completed.
23:36:16.296 [restartedMain] INFO  o.hibernate.orm.connections.pooling [] - HHH10001005: Database info:
	Database JDBC URL [Connecting through datasource 'HikariDataSource (HikariPool-1)']
	Database driver: undefined/unknown
	Database version: 8.0.30
	Autocommit mode: undefined/unknown
	Isolation level: undefined/unknown
	Minimum pool size: undefined/unknown
	Maximum pool size: undefined/unknown
23:36:18.927 [restartedMain] INFO  o.h.e.t.j.p.i.JtaPlatformInitiator [] - HHH000489: No JTA platform available (set 'hibernate.transaction.jta.platform' to enable JTA platform integration)
23:36:19.053 [restartedMain] INFO  o.s.o.j.LocalContainerEntityManagerFactoryBean [] - Initialized JPA EntityManagerFactory for persistence unit 'default'
23:36:20.360 [restartedMain] WARN  o.s.b.a.o.j.JpaBaseConfiguration$JpaWebConfiguration [] - spring.jpa.open-in-view is enabled by default. Therefore, database queries may be performed during view rendering. Explicitly configure spring.jpa.open-in-view to disable this warning
23:36:21.722 [restartedMain] INFO  o.s.b.d.a.OptionalLiveReloadServer [] - LiveReload server is running on port 35729
23:36:22.181 [restartedMain] INFO  o.s.b.w.e.tomcat.TomcatWebServer [] - Tomcat started on port 8083 (http) with context path '/'
23:36:22.452 [restartedMain] INFO  a.s.ServicioProgresoApplication [] - Started ServicioProgresoApplication in 17.338 seconds (process running for 19.432)
23:36:30.381 [SpringApplicationShutdownHook] INFO  o.s.b.w.e.tomcat.GracefulShutdown [] - Commencing graceful shutdown. Waiting for active requests to complete
23:36:30.555 [tomcat-shutdown] INFO  o.s.b.w.e.tomcat.GracefulShutdown [] - Graceful shutdown complete
23:36:30.566 [SpringApplicationShutdownHook] INFO  o.s.o.j.LocalContainerEntityManagerFactoryBean [] - Closing JPA EntityManagerFactory for persistence unit 'default'
23:36:30.575 [SpringApplicationShutdownHook] INFO  com.zaxxer.hikari.HikariDataSource [] - HikariPool-1 - Shutdown initiated...
23:36:30.605 [SpringApplicationShutdownHook] INFO  com.zaxxer.hikari.HikariDataSource [] - HikariPool-1 - Shutdown completed.
23:40:06.574 [restartedMain] INFO  a.s.ServicioProgresoApplication [] - Starting ServicioProgresoApplication using Java 17.0.0.1 with PID 2084 (C:\laragon\www\academia_digital\servicio_progreso\target\classes started by David in C:\laragon\www\academia_digital)
23:40:06.612 [restartedMain] DEBUG a.s.ServicioProgresoApplication [] - Running with Spring Boot v3.5.8, Spring v6.2.14
23:40:06.616 [restartedMain] INFO  a.s.ServicioProgresoApplication [] - The following 1 profile is active: "dev"
23:40:06.812 [restartedMain] INFO  o.s.b.d.e.DevToolsPropertyDefaultsPostProcessor [] - Devtools property defaults active! Set 'spring.devtools.add-properties' to 'false' to disable
23:40:06.814 [restartedMain] INFO  o.s.b.d.e.DevToolsPropertyDefaultsPostProcessor [] - For additional web related logging consider setting the 'logging.level.web' property to 'DEBUG'
23:40:09.781 [restartedMain] INFO  o.s.d.r.c.RepositoryConfigurationDelegate [] - Bootstrapping Spring Data JPA repositories in DEFAULT mode.
23:40:10.034 [restartedMain] INFO  o.s.d.r.c.RepositoryConfigurationDelegate [] - Finished Spring Data repository scanning in 222 ms. Found 1 JPA repository interface.
23:40:11.329 [restartedMain] INFO  o.s.cloud.context.scope.GenericScope [] - BeanFactory id=f886516f-d251-3c05-a8a8-a6c02a812722
23:40:13.101 [restartedMain] INFO  o.s.b.w.e.tomcat.TomcatWebServer [] - Tomcat initialized with port 8083 (http)
23:40:13.149 [restartedMain] INFO  o.a.catalina.core.StandardService [] - Starting service [Tomcat]
23:40:13.149 [restartedMain] INFO  o.a.catalina.core.StandardEngine [] - Starting Servlet engine: [Apache Tomcat/10.1.49]
23:40:13.375 [restartedMain] INFO  o.a.c.c.C.[Tomcat].[localhost].[/] [] - Initializing Spring embedded WebApplicationContext
23:40:13.377 [restartedMain] INFO  o.s.b.w.s.c.ServletWebServerApplicationContext [] - Root WebApplicationContext: initialization completed in 6562 ms
23:40:13.530 [restartedMain] DEBUG a.s.config.LogginFilter [] - Filter 'logginFilter' configured for use
23:40:13.948 [restartedMain] INFO  o.h.jpa.internal.util.LogHelper [] - HHH000204: Processing PersistenceUnitInfo [name: default]
23:40:14.147 [restartedMain] INFO  org.hibernate.Version [] - HHH000412: Hibernate ORM core version 6.6.36.Final
23:40:14.277 [restartedMain] INFO  o.h.c.i.RegionFactoryInitiator [] - HHH000026: Second-level cache disabled
23:40:15.992 [restartedMain] INFO  o.s.o.j.p.SpringPersistenceUnitInfo [] - No LoadTimeWeaver setup: ignoring JPA class transformer
23:40:16.154 [restartedMain] INFO  com.zaxxer.hikari.HikariDataSource [] - HikariPool-1 - Starting...
23:40:16.934 [restartedMain] INFO  com.zaxxer.hikari.pool.HikariPool [] - HikariPool-1 - Added connection com.mysql.cj.jdbc.ConnectionImpl@15c1acb
23:40:16.942 [restartedMain] INFO  com.zaxxer.hikari.HikariDataSource [] - HikariPool-1 - Start completed.
23:40:17.255 [restartedMain] INFO  o.hibernate.orm.connections.pooling [] - HHH10001005: Database info:
	Database JDBC URL [Connecting through datasource 'HikariDataSource (HikariPool-1)']
	Database driver: undefined/unknown
	Database version: 8.0.30
	Autocommit mode: undefined/unknown
	Isolation level: undefined/unknown
	Minimum pool size: undefined/unknown
	Maximum pool size: undefined/unknown
23:40:19.559 [restartedMain] INFO  o.h.e.t.j.p.i.JtaPlatformInitiator [] - HHH000489: No JTA platform available (set 'hibernate.transaction.jta.platform' to enable JTA platform integration)
23:40:19.704 [restartedMain] INFO  o.s.o.j.LocalContainerEntityManagerFactoryBean [] - Initialized JPA EntityManagerFactory for persistence unit 'default'
23:40:21.191 [restartedMain] WARN  o.s.b.a.o.j.JpaBaseConfiguration$JpaWebConfiguration [] - spring.jpa.open-in-view is enabled by default. Therefore, database queries may be performed during view rendering. Explicitly configure spring.jpa.open-in-view to disable this warning
23:40:22.658 [restartedMain] INFO  o.s.b.d.a.OptionalLiveReloadServer [] - LiveReload server is running on port 35729
23:40:23.149 [restartedMain] INFO  o.s.b.w.e.tomcat.TomcatWebServer [] - Tomcat started on port 8083 (http) with context path '/'
23:40:23.461 [restartedMain] INFO  a.s.ServicioProgresoApplication [] - Started ServicioProgresoApplication in 20.008 seconds (process running for 22.202)
23:40:28.322 [http-nio-8083-exec-2] INFO  o.a.c.c.C.[Tomcat].[localhost].[/] [] - Initializing Spring DispatcherServlet 'dispatcherServlet'
23:40:28.324 [http-nio-8083-exec-2] INFO  o.s.web.servlet.DispatcherServlet [] - Initializing Servlet 'dispatcherServlet'
23:40:28.331 [http-nio-8083-exec-2] INFO  o.s.web.servlet.DispatcherServlet [] - Completed initialization in 5 ms
23:40:29.847 [http-nio-8083-exec-4] INFO  o.s.api.AbstractOpenApiResource [7eb7923f-5320-4ef4-ada5-2806fe9f3a3c] - Init duration for springdoc-openapi is: 956 ms
23:41:14.895 [SpringApplicationShutdownHook] INFO  o.s.b.w.e.tomcat.GracefulShutdown [] - Commencing graceful shutdown. Waiting for active requests to complete
23:41:15.067 [tomcat-shutdown] INFO  o.s.b.w.e.tomcat.GracefulShutdown [] - Graceful shutdown complete
23:41:15.076 [SpringApplicationShutdownHook] INFO  o.s.o.j.LocalContainerEntityManagerFactoryBean [] - Closing JPA EntityManagerFactory for persistence unit 'default'
23:41:15.087 [SpringApplicationShutdownHook] INFO  com.zaxxer.hikari.HikariDataSource [] - HikariPool-1 - Shutdown initiated...
23:41:15.144 [SpringApplicationShutdownHook] INFO  com.zaxxer.hikari.HikariDataSource [] - HikariPool-1 - Shutdown completed.
23:41:27.932 [restartedMain] INFO  a.s.ServicioProgresoApplication [] - Starting ServicioProgresoApplication using Java 17.0.0.1 with PID 20432 (C:\laragon\www\academia_digital\servicio_progreso\target\classes started by David in C:\laragon\www\academia_digital)
23:41:27.966 [restartedMain] DEBUG a.s.ServicioProgresoApplication [] - Running with Spring Boot v3.5.8, Spring v6.2.14
23:41:27.969 [restartedMain] INFO  a.s.ServicioProgresoApplication [] - The following 1 profile is active: "dev"
23:41:28.143 [restartedMain] INFO  o.s.b.d.e.DevToolsPropertyDefaultsPostProcessor [] - Devtools property defaults active! Set 'spring.devtools.add-properties' to 'false' to disable
23:41:28.144 [restartedMain] INFO  o.s.b.d.e.DevToolsPropertyDefaultsPostProcessor [] - For additional web related logging consider setting the 'logging.level.web' property to 'DEBUG'
23:41:31.080 [restartedMain] INFO  o.s.d.r.c.RepositoryConfigurationDelegate [] - Bootstrapping Spring Data JPA repositories in DEFAULT mode.
23:41:31.294 [restartedMain] INFO  o.s.d.r.c.RepositoryConfigurationDelegate [] - Finished Spring Data repository scanning in 186 ms. Found 1 JPA repository interface.
23:41:31.985 [restartedMain] INFO  o.s.cloud.context.scope.GenericScope [] - BeanFactory id=f886516f-d251-3c05-a8a8-a6c02a812722
23:41:33.543 [restartedMain] INFO  o.s.b.w.e.tomcat.TomcatWebServer [] - Tomcat initialized with port 8083 (http)
23:41:33.578 [restartedMain] INFO  o.a.catalina.core.StandardService [] - Starting service [Tomcat]
23:41:33.579 [restartedMain] INFO  o.a.catalina.core.StandardEngine [] - Starting Servlet engine: [Apache Tomcat/10.1.49]
23:41:33.793 [restartedMain] INFO  o.a.c.c.C.[Tomcat].[localhost].[/] [] - Initializing Spring embedded WebApplicationContext
23:41:33.795 [restartedMain] INFO  o.s.b.w.s.c.ServletWebServerApplicationContext [] - Root WebApplicationContext: initialization completed in 5646 ms
23:41:33.964 [restartedMain] DEBUG a.s.config.LogginFilter [] - Filter 'logginFilter' configured for use
23:41:34.426 [restartedMain] INFO  o.h.jpa.internal.util.LogHelper [] - HHH000204: Processing PersistenceUnitInfo [name: default]
23:41:34.627 [restartedMain] INFO  org.hibernate.Version [] - HHH000412: Hibernate ORM core version 6.6.36.Final
23:41:34.753 [restartedMain] INFO  o.h.c.i.RegionFactoryInitiator [] - HHH000026: Second-level cache disabled
23:41:35.616 [restartedMain] INFO  o.s.o.j.p.SpringPersistenceUnitInfo [] - No LoadTimeWeaver setup: ignoring JPA class transformer
23:41:35.705 [restartedMain] INFO  com.zaxxer.hikari.HikariDataSource [] - HikariPool-1 - Starting...
23:41:36.372 [restartedMain] INFO  com.zaxxer.hikari.pool.HikariPool [] - HikariPool-1 - Added connection com.mysql.cj.jdbc.ConnectionImpl@675adacd
23:41:36.377 [restartedMain] INFO  com.zaxxer.hikari.HikariDataSource [] - HikariPool-1 - Start completed.
23:41:36.641 [restartedMain] INFO  o.hibernate.orm.connections.pooling [] - HHH10001005: Database info:
	Database JDBC URL [Connecting through datasource 'HikariDataSource (HikariPool-1)']
	Database driver: undefined/unknown
	Database version: 8.0.30
	Autocommit mode: undefined/unknown
	Isolation level: undefined/unknown
	Minimum pool size: undefined/unknown
	Maximum pool size: undefined/unknown
23:41:38.778 [restartedMain] INFO  o.h.e.t.j.p.i.JtaPlatformInitiator [] - HHH000489: No JTA platform available (set 'hibernate.transaction.jta.platform' to enable JTA platform integration)
23:41:38.901 [restartedMain] INFO  o.s.o.j.LocalContainerEntityManagerFactoryBean [] - Initialized JPA EntityManagerFactory for persistence unit 'default'
23:41:40.132 [restartedMain] WARN  o.s.b.a.o.j.JpaBaseConfiguration$JpaWebConfiguration [] - spring.jpa.open-in-view is enabled by default. Therefore, database queries may be performed during view rendering. Explicitly configure spring.jpa.open-in-view to disable this warning
23:41:41.504 [restartedMain] INFO  o.s.b.d.a.OptionalLiveReloadServer [] - LiveReload server is running on port 35729
23:41:41.967 [restartedMain] INFO  o.s.b.w.e.tomcat.TomcatWebServer [] - Tomcat started on port 8083 (http) with context path '/'
23:41:42.260 [restartedMain] INFO  a.s.ServicioProgresoApplication [] - Started ServicioProgresoApplication in 17.227 seconds (process running for 19.491)
23:44:15.846 [http-nio-8083-exec-3] INFO  o.a.c.c.C.[Tomcat].[localhost].[/] [] - Initializing Spring DispatcherServlet 'dispatcherServlet'
23:44:15.848 [http-nio-8083-exec-3] INFO  o.s.web.servlet.DispatcherServlet [] - Initializing Servlet 'dispatcherServlet'
23:44:15.853 [http-nio-8083-exec-3] INFO  o.s.web.servlet.DispatcherServlet [] - Completed initialization in 2 ms
23:44:17.514 [http-nio-8083-exec-4] INFO  o.s.api.AbstractOpenApiResource [52fcc730-a239-4eda-8afb-b114b18aae6b] - Init duration for springdoc-openapi is: 964 ms
23:53:49.049 [SpringApplicationShutdownHook] INFO  o.s.b.w.e.tomcat.GracefulShutdown [] - Commencing graceful shutdown. Waiting for active requests to complete
23:53:49.199 [tomcat-shutdown] INFO  o.s.b.w.e.tomcat.GracefulShutdown [] - Graceful shutdown complete
23:53:49.210 [SpringApplicationShutdownHook] INFO  o.s.o.j.LocalContainerEntityManagerFactoryBean [] - Closing JPA EntityManagerFactory for persistence unit 'default'
23:53:49.223 [SpringApplicationShutdownHook] INFO  com.zaxxer.hikari.HikariDataSource [] - HikariPool-1 - Shutdown initiated...
23:53:49.252 [SpringApplicationShutdownHook] INFO  com.zaxxer.hikari.HikariDataSource [] - HikariPool-1 - Shutdown completed.
23:54:02.629 [restartedMain] INFO  a.s.ServicioProgresoApplication [] - Starting ServicioProgresoApplication using Java 17.0.0.1 with PID 21124 (C:\laragon\www\academia_digital\servicio_progreso\target\classes started by David in C:\laragon\www\academia_digital)
23:54:02.663 [restartedMain] DEBUG a.s.ServicioProgresoApplication [] - Running with Spring Boot v3.5.8, Spring v6.2.14
23:54:02.667 [restartedMain] INFO  a.s.ServicioProgresoApplication [] - The following 1 profile is active: "dev"
23:54:02.834 [restartedMain] INFO  o.s.b.d.e.DevToolsPropertyDefaultsPostProcessor [] - Devtools property defaults active! Set 'spring.devtools.add-properties' to 'false' to disable
23:54:02.835 [restartedMain] INFO  o.s.b.d.e.DevToolsPropertyDefaultsPostProcessor [] - For additional web related logging consider setting the 'logging.level.web' property to 'DEBUG'
23:54:06.081 [restartedMain] INFO  o.s.d.r.c.RepositoryConfigurationDelegate [] - Bootstrapping Spring Data JPA repositories in DEFAULT mode.
23:54:06.324 [restartedMain] INFO  o.s.d.r.c.RepositoryConfigurationDelegate [] - Finished Spring Data repository scanning in 206 ms. Found 1 JPA repository interface.
23:54:07.116 [restartedMain] INFO  o.s.cloud.context.scope.GenericScope [] - BeanFactory id=f886516f-d251-3c05-a8a8-a6c02a812722
23:54:08.956 [restartedMain] INFO  o.s.b.w.e.tomcat.TomcatWebServer [] - Tomcat initialized with port 8083 (http)
23:54:09.005 [restartedMain] INFO  o.a.catalina.core.StandardService [] - Starting service [Tomcat]
23:54:09.006 [restartedMain] INFO  o.a.catalina.core.StandardEngine [] - Starting Servlet engine: [Apache Tomcat/10.1.49]
23:54:09.281 [restartedMain] INFO  o.a.c.c.C.[Tomcat].[localhost].[/] [] - Initializing Spring embedded WebApplicationContext
23:54:09.284 [restartedMain] INFO  o.s.b.w.s.c.ServletWebServerApplicationContext [] - Root WebApplicationContext: initialization completed in 6447 ms
23:54:09.459 [restartedMain] DEBUG a.s.config.LogginFilter [] - Filter 'logginFilter' configured for use
23:54:09.964 [restartedMain] INFO  o.h.jpa.internal.util.LogHelper [] - HHH000204: Processing PersistenceUnitInfo [name: default]
23:54:10.155 [restartedMain] INFO  org.hibernate.Version [] - HHH000412: Hibernate ORM core version 6.6.36.Final
23:54:10.301 [restartedMain] INFO  o.h.c.i.RegionFactoryInitiator [] - HHH000026: Second-level cache disabled
23:54:11.368 [restartedMain] INFO  o.s.o.j.p.SpringPersistenceUnitInfo [] - No LoadTimeWeaver setup: ignoring JPA class transformer
23:54:11.462 [restartedMain] INFO  com.zaxxer.hikari.HikariDataSource [] - HikariPool-1 - Starting...
23:54:12.210 [restartedMain] INFO  com.zaxxer.hikari.pool.HikariPool [] - HikariPool-1 - Added connection com.mysql.cj.jdbc.ConnectionImpl@4ffdfa3e
23:54:12.218 [restartedMain] INFO  com.zaxxer.hikari.HikariDataSource [] - HikariPool-1 - Start completed.
23:54:12.511 [restartedMain] INFO  o.hibernate.orm.connections.pooling [] - HHH10001005: Database info:
	Database JDBC URL [Connecting through datasource 'HikariDataSource (HikariPool-1)']
	Database driver: undefined/unknown
	Database version: 8.0.30
	Autocommit mode: undefined/unknown
	Isolation level: undefined/unknown
	Minimum pool size: undefined/unknown
	Maximum pool size: undefined/unknown
23:54:14.779 [restartedMain] INFO  o.h.e.t.j.p.i.JtaPlatformInitiator [] - HHH000489: No JTA platform available (set 'hibernate.transaction.jta.platform' to enable JTA platform integration)
23:54:14.903 [restartedMain] INFO  o.s.o.j.LocalContainerEntityManagerFactoryBean [] - Initialized JPA EntityManagerFactory for persistence unit 'default'
23:54:16.246 [restartedMain] WARN  o.s.b.a.o.j.JpaBaseConfiguration$JpaWebConfiguration [] - spring.jpa.open-in-view is enabled by default. Therefore, database queries may be performed during view rendering. Explicitly configure spring.jpa.open-in-view to disable this warning
23:54:17.870 [restartedMain] INFO  o.s.b.d.a.OptionalLiveReloadServer [] - LiveReload server is running on port 35729
23:54:18.413 [restartedMain] INFO  o.s.b.w.e.tomcat.TomcatWebServer [] - Tomcat started on port 8083 (http) with context path '/'
23:54:18.754 [restartedMain] INFO  a.s.ServicioProgresoApplication [] - Started ServicioProgresoApplication in 19.663 seconds (process running for 21.975)
23:54:21.206 [http-nio-8083-exec-1] INFO  o.a.c.c.C.[Tomcat].[localhost].[/] [] - Initializing Spring DispatcherServlet 'dispatcherServlet'
23:54:21.208 [http-nio-8083-exec-1] INFO  o.s.web.servlet.DispatcherServlet [] - Initializing Servlet 'dispatcherServlet'
23:54:21.213 [http-nio-8083-exec-1] INFO  o.s.web.servlet.DispatcherServlet [] - Completed initialization in 4 ms
23:54:22.373 [http-nio-8083-exec-3] INFO  o.s.api.AbstractOpenApiResource [7c8a1671-90cc-4b1a-b7b5-9eb969b77ba0] - Init duration for springdoc-openapi is: 733 ms
23:56:12.911 [SpringApplicationShutdownHook] INFO  o.s.b.w.e.tomcat.GracefulShutdown [] - Commencing graceful shutdown. Waiting for active requests to complete
23:56:13.074 [tomcat-shutdown] INFO  o.s.b.w.e.tomcat.GracefulShutdown [] - Graceful shutdown complete
23:56:13.084 [SpringApplicationShutdownHook] INFO  o.s.o.j.LocalContainerEntityManagerFactoryBean [] - Closing JPA EntityManagerFactory for persistence unit 'default'
23:56:13.111 [SpringApplicationShutdownHook] INFO  com.zaxxer.hikari.HikariDataSource [] - HikariPool-1 - Shutdown initiated...
23:56:13.146 [SpringApplicationShutdownHook] INFO  com.zaxxer.hikari.HikariDataSource [] - HikariPool-1 - Shutdown completed.
